==581== Memcheck, a memory error detector
==581== Copyright (C) 2002-2017, and GNU GPL'd, by Julian Seward et al.
==581== Using Valgrind-3.13.0 and LibVEX; rerun with -h for copyright info
==581== Command: ./project2Ex -T n
==581== Parent PID: 6
==581== 
--581-- 
--581-- Valgrind options:
--581--    -v
--581--    --track-origins=yes
--581--    --show-leak-kinds=all
--581--    --leak-check=full
--581--    --log-file=logs/valgrind.log
--581-- Contents of /proc/version:
--581--   Linux version 4.4.0-18362-Microsoft (Microsoft@Microsoft.com) (gcc version 5.4.0 (GCC) ) #476-Microsoft Fri Nov 01 16:53:00 PST 2019
--581-- 
--581-- Arch and hwcaps: AMD64, LittleEndian, amd64-cx16-lzcnt-rdtscp-sse3-avx-avx2-bmi
--581-- Page sizes: currently 4096, max supported 4096
--581-- Valgrind library directory: /usr/lib/valgrind
--581-- Reading syms from /mnt/c/Users/watis/Documents/ISU/currClasses/cs352/proj/treeThreads/project2Ex
--581-- Reading syms from /lib/x86_64-linux-gnu/ld-2.27.so
--581--   Considering /lib/x86_64-linux-gnu/ld-2.27.so ..
--581--   .. CRC mismatch (computed 1b7c895e wanted 2943108a)
--581--   Considering /usr/lib/debug/lib/x86_64-linux-gnu/ld-2.27.so ..
--581--   .. CRC is valid
--581-- Reading syms from /usr/lib/valgrind/memcheck-amd64-linux
--581--   Considering /usr/lib/valgrind/memcheck-amd64-linux ..
--581--   .. CRC mismatch (computed c25f395c wanted 0a9602a8)
--581--    object doesn't have a symbol table
--581--    object doesn't have a dynamic symbol table
--581-- Scheduler: using generic scheduler lock implementation.
--581-- Reading suppressions file: /usr/lib/valgrind/default.supp
==581== embedded gdbserver: reading from /tmp/vgdb-pipe-from-vgdb-to-581-by-wasartin-on-???
==581== embedded gdbserver: writing to   /tmp/vgdb-pipe-to-vgdb-from-581-by-wasartin-on-???
==581== embedded gdbserver: shared mem   /tmp/vgdb-pipe-shared-mem-vgdb-581-by-wasartin-on-???
==581== 
==581== TO CONTROL THIS PROCESS USING vgdb (which you probably
==581== don't want to do, unless you know exactly what you're doing,
==581== or are doing some strange experiment):
==581==   /usr/lib/valgrind/../../bin/vgdb --pid=581 ...command...
==581== 
==581== TO DEBUG THIS PROCESS USING GDB: start GDB like this
==581==   /path/to/gdb ./project2Ex
==581== and then give GDB the following command
==581==   target remote | /usr/lib/valgrind/../../bin/vgdb --pid=581
==581== --pid is optional if only one valgrind process is running
==581== 
==581== error calling PR_SET_PTRACER, vgdb might block
--581-- REDIR: 0x401f2f0 (ld-linux-x86-64.so.2:strlen) redirected to 0x58060901 (???)
--581-- REDIR: 0x401f0d0 (ld-linux-x86-64.so.2:index) redirected to 0x5806091b (???)
--581-- Reading syms from /usr/lib/valgrind/vgpreload_core-amd64-linux.so
--581--   Considering /usr/lib/valgrind/vgpreload_core-amd64-linux.so ..
--581--   .. CRC mismatch (computed 4b63d83e wanted 670599e6)
--581--    object doesn't have a symbol table
--581-- Reading syms from /usr/lib/valgrind/vgpreload_memcheck-amd64-linux.so
--581--   Considering /usr/lib/valgrind/vgpreload_memcheck-amd64-linux.so ..
--581--   .. CRC mismatch (computed a4b37bee wanted 8ad4dc94)
--581--    object doesn't have a symbol table
==581== WARNING: new redirection conflicts with existing -- ignoring it
--581--     old: 0x0401f2f0 (strlen              ) R-> (0000.0) 0x58060901 ???
--581--     new: 0x0401f2f0 (strlen              ) R-> (2007.0) 0x04c32db0 strlen
--581-- REDIR: 0x401d360 (ld-linux-x86-64.so.2:strcmp) redirected to 0x4c33ee0 (strcmp)
--581-- REDIR: 0x401f830 (ld-linux-x86-64.so.2:mempcpy) redirected to 0x4c374f0 (mempcpy)
--581-- Reading syms from /usr/lib/x86_64-linux-gnu/libstdc++.so.6.0.25
--581--    object doesn't have a symbol table
--581-- Reading syms from /lib/x86_64-linux-gnu/libgcc_s.so.1
--581--    object doesn't have a symbol table
--581-- Reading syms from /lib/x86_64-linux-gnu/libc-2.27.so
--581--   Considering /lib/x86_64-linux-gnu/libc-2.27.so ..
--581--   .. CRC mismatch (computed b1c74187 wanted 042cc048)
--581--   Considering /usr/lib/debug/lib/x86_64-linux-gnu/libc-2.27.so ..
--581--   .. CRC is valid
--581-- Reading syms from /lib/x86_64-linux-gnu/libm-2.27.so
--581--   Considering /lib/x86_64-linux-gnu/libm-2.27.so ..
--581--   .. CRC mismatch (computed 7feae033 wanted b29b2508)
--581--   Considering /usr/lib/debug/lib/x86_64-linux-gnu/libm-2.27.so ..
--581--   .. CRC is valid
--581-- REDIR: 0x547bc70 (libc.so.6:memmove) redirected to 0x4a2a6e0 (_vgnU_ifunc_wrapper)
--581-- REDIR: 0x547ad40 (libc.so.6:strncpy) redirected to 0x4a2a6e0 (_vgnU_ifunc_wrapper)
--581-- REDIR: 0x547bf50 (libc.so.6:strcasecmp) redirected to 0x4a2a6e0 (_vgnU_ifunc_wrapper)
--581-- REDIR: 0x547a790 (libc.so.6:strcat) redirected to 0x4a2a6e0 (_vgnU_ifunc_wrapper)
--581-- REDIR: 0x547ad70 (libc.so.6:rindex) redirected to 0x4a2a6e0 (_vgnU_ifunc_wrapper)
--581-- REDIR: 0x547d7c0 (libc.so.6:rawmemchr) redirected to 0x4a2a6e0 (_vgnU_ifunc_wrapper)
--581-- REDIR: 0x547bde0 (libc.so.6:mempcpy) redirected to 0x4a2a6e0 (_vgnU_ifunc_wrapper)
--581-- REDIR: 0x547bc10 (libc.so.6:bcmp) redirected to 0x4a2a6e0 (_vgnU_ifunc_wrapper)
--581-- REDIR: 0x547ad00 (libc.so.6:strncmp) redirected to 0x4a2a6e0 (_vgnU_ifunc_wrapper)
--581-- REDIR: 0x547a800 (libc.so.6:strcmp) redirected to 0x4a2a6e0 (_vgnU_ifunc_wrapper)
--581-- REDIR: 0x547bd40 (libc.so.6:memset) redirected to 0x4a2a6e0 (_vgnU_ifunc_wrapper)
--581-- REDIR: 0x54990f0 (libc.so.6:wcschr) redirected to 0x4a2a6e0 (_vgnU_ifunc_wrapper)
--581-- REDIR: 0x547aca0 (libc.so.6:strnlen) redirected to 0x4a2a6e0 (_vgnU_ifunc_wrapper)
--581-- REDIR: 0x547a870 (libc.so.6:strcspn) redirected to 0x4a2a6e0 (_vgnU_ifunc_wrapper)
--581-- REDIR: 0x547bfa0 (libc.so.6:strncasecmp) redirected to 0x4a2a6e0 (_vgnU_ifunc_wrapper)
--581-- REDIR: 0x547a840 (libc.so.6:strcpy) redirected to 0x4a2a6e0 (_vgnU_ifunc_wrapper)
--581-- REDIR: 0x547c0e0 (libc.so.6:memcpy@@GLIBC_2.14) redirected to 0x4a2a6e0 (_vgnU_ifunc_wrapper)
--581-- REDIR: 0x547ada0 (libc.so.6:strpbrk) redirected to 0x4a2a6e0 (_vgnU_ifunc_wrapper)
--581-- REDIR: 0x547a7c0 (libc.so.6:index) redirected to 0x4a2a6e0 (_vgnU_ifunc_wrapper)
--581-- REDIR: 0x547ac70 (libc.so.6:strlen) redirected to 0x4a2a6e0 (_vgnU_ifunc_wrapper)
--581-- REDIR: 0x54856c0 (libc.so.6:memrchr) redirected to 0x4a2a6e0 (_vgnU_ifunc_wrapper)
--581-- REDIR: 0x547bff0 (libc.so.6:strcasecmp_l) redirected to 0x4a2a6e0 (_vgnU_ifunc_wrapper)
--581-- REDIR: 0x547bbe0 (libc.so.6:memchr) redirected to 0x4a2a6e0 (_vgnU_ifunc_wrapper)
--581-- REDIR: 0x5499eb0 (libc.so.6:wcslen) redirected to 0x4a2a6e0 (_vgnU_ifunc_wrapper)
--581-- REDIR: 0x547b050 (libc.so.6:strspn) redirected to 0x4a2a6e0 (_vgnU_ifunc_wrapper)
--581-- REDIR: 0x547bf20 (libc.so.6:stpncpy) redirected to 0x4a2a6e0 (_vgnU_ifunc_wrapper)
--581-- REDIR: 0x547bef0 (libc.so.6:stpcpy) redirected to 0x4a2a6e0 (_vgnU_ifunc_wrapper)
--581-- REDIR: 0x547d7f0 (libc.so.6:strchrnul) redirected to 0x4a2a6e0 (_vgnU_ifunc_wrapper)
--581-- REDIR: 0x547c040 (libc.so.6:strncasecmp_l) redirected to 0x4a2a6e0 (_vgnU_ifunc_wrapper)
--581-- REDIR: 0x556b3c0 (libc.so.6:__strrchr_avx2) redirected to 0x4c32730 (rindex)
--581-- REDIR: 0x5474070 (libc.so.6:malloc) redirected to 0x4c2faa0 (malloc)
--581-- REDIR: 0x556b590 (libc.so.6:__strlen_avx2) redirected to 0x4c32cf0 (strlen)
--581-- REDIR: 0x5567ba0 (libc.so.6:__memcmp_avx2_movbe) redirected to 0x4c35e00 (bcmp)
--581-- REDIR: 0x5546d60 (libc.so.6:__strcmp_ssse3) redirected to 0x4c33da0 (strcmp)
--581-- REDIR: 0x4ecf240 (libstdc++.so.6:operator new(unsigned long)) redirected to 0x4c30110 (operator new(unsigned long))
--581-- REDIR: 0x556bab0 (libc.so.6:__mempcpy_avx_unaligned_erms) redirected to 0x4c37130 (mempcpy)
--581-- REDIR: 0x556bad0 (libc.so.6:__memcpy_avx_unaligned_erms) redirected to 0x4c366e0 (memmove)
==581== Invalid read of size 1
==581==    at 0x112694: isNilNode(Node*) (node.cpp:48)
==581==    by 0x11289F: printNodes(std::__cxx11::basic_string<char, std::char_traits<char>, std::allocator<char> >, Node*) (node.cpp:83)
==581==    by 0x1128DB: printNodes(std::__cxx11::basic_string<char, std::char_traits<char>, std::allocator<char> >, Node*) (node.cpp:84)
==581==    by 0x1128DB: printNodes(std::__cxx11::basic_string<char, std::char_traits<char>, std::allocator<char> >, Node*) (node.cpp:84)
==581==    by 0x1128DB: printNodes(std::__cxx11::basic_string<char, std::char_traits<char>, std::allocator<char> >, Node*) (node.cpp:84)
==581==    by 0x1128DB: printNodes(std::__cxx11::basic_string<char, std::char_traits<char>, std::allocator<char> >, Node*) (node.cpp:84)
==581==    by 0x114F2C: buildTreeFromPreOrderNodes(RBTree*, Node*, unsigned char) (RBTree.cpp:347)
==581==    by 0x11A40B: makeTreeFromPreOrder_BSTreeTest(bool) (binaryTreeTests.cpp:274)
==581==    by 0x1176CF: BSTreeTest_All(bool) (binaryTreeTests.cpp:28)
==581==    by 0x11DE1B: runAllTests(bool) (tests.cpp:47)
==581==    by 0x1171E2: flagHandling(int, char**) (project2.cpp:41)
==581==    by 0x117042: main (project2.cpp:17)
==581==  Address 0x1ffefffe90 is on thread 1's stack
==581==  368 bytes below stack pointer
==581== 
--581-- REDIR: 0x4ecd380 (libstdc++.so.6:operator delete(void*)) redirected to 0x4c311d0 (operator delete(void*))
==581== Invalid read of size 8
==581==    at 0x1128AF: printNodes(std::__cxx11::basic_string<char, std::char_traits<char>, std::allocator<char> >, Node*) (node.cpp:84)
==581==    by 0x1128DB: printNodes(std::__cxx11::basic_string<char, std::char_traits<char>, std::allocator<char> >, Node*) (node.cpp:84)
==581==    by 0x1128DB: printNodes(std::__cxx11::basic_string<char, std::char_traits<char>, std::allocator<char> >, Node*) (node.cpp:84)
==581==    by 0x112980: printNodes(std::__cxx11::basic_string<char, std::char_traits<char>, std::allocator<char> >, Node*) (node.cpp:86)
==581==    by 0x1128DB: printNodes(std::__cxx11::basic_string<char, std::char_traits<char>, std::allocator<char> >, Node*) (node.cpp:84)
==581==    by 0x114F2C: buildTreeFromPreOrderNodes(RBTree*, Node*, unsigned char) (RBTree.cpp:347)
==581==    by 0x11A40B: makeTreeFromPreOrder_BSTreeTest(bool) (binaryTreeTests.cpp:274)
==581==    by 0x1176CF: BSTreeTest_All(bool) (binaryTreeTests.cpp:28)
==581==    by 0x11DE1B: runAllTests(bool) (tests.cpp:47)
==581==    by 0x1171E2: flagHandling(int, char**) (project2.cpp:41)
==581==    by 0x117042: main (project2.cpp:17)
==581==  Address 0x1ffefffe80 is on thread 1's stack
==581==  400 bytes below stack pointer
==581== 
==581== 
==581== Process terminating with default action of signal 11 (SIGSEGV)
==581==  General Protection Fault
==581==    at 0x112694: isNilNode(Node*) (node.cpp:48)
==581==    by 0x11289F: printNodes(std::__cxx11::basic_string<char, std::char_traits<char>, std::allocator<char> >, Node*) (node.cpp:83)
==581==    by 0x1128DB: printNodes(std::__cxx11::basic_string<char, std::char_traits<char>, std::allocator<char> >, Node*) (node.cpp:84)
==581==    by 0x1128DB: printNodes(std::__cxx11::basic_string<char, std::char_traits<char>, std::allocator<char> >, Node*) (node.cpp:84)
==581==    by 0x1128DB: printNodes(std::__cxx11::basic_string<char, std::char_traits<char>, std::allocator<char> >, Node*) (node.cpp:84)
==581==    by 0x1128DB: printNodes(std::__cxx11::basic_string<char, std::char_traits<char>, std::allocator<char> >, Node*) (node.cpp:84)
==581==    by 0x1128DB: printNodes(std::__cxx11::basic_string<char, std::char_traits<char>, std::allocator<char> >, Node*) (node.cpp:84)
==581==    by 0x1128DB: printNodes(std::__cxx11::basic_string<char, std::char_traits<char>, std::allocator<char> >, Node*) (node.cpp:84)
==581==    by 0x112980: printNodes(std::__cxx11::basic_string<char, std::char_traits<char>, std::allocator<char> >, Node*) (node.cpp:86)
==581==    by 0x1128DB: printNodes(std::__cxx11::basic_string<char, std::char_traits<char>, std::allocator<char> >, Node*) (node.cpp:84)
==581==    by 0x114F2C: buildTreeFromPreOrderNodes(RBTree*, Node*, unsigned char) (RBTree.cpp:347)
==581==    by 0x11A40B: makeTreeFromPreOrder_BSTreeTest(bool) (binaryTreeTests.cpp:274)
--581-- REDIR: 0x5474950 (libc.so.6:free) redirected to 0x4c30cd0 (free)
==581== 
==581== HEAP SUMMARY:
==581==     in use at exit: 1,183 bytes in 8 blocks
==581==   total heap usage: 16 allocs, 8 frees, 78,159 bytes allocated
==581== 
==581== Searching for pointers to 8 not-freed blocks
==581== Checked 110,968 bytes
==581== 
==581== 31 bytes in 1 blocks are still reachable in loss record 1 of 8
==581==    at 0x4C3017F: operator new(unsigned long) (in /usr/lib/valgrind/vgpreload_memcheck-amd64-linux.so)
==581==    by 0x4F60C8A: std::__cxx11::basic_string<char, std::char_traits<char>, std::allocator<char> >::_M_mutate(unsigned long, unsigned long, char const*, unsigned long) (in /usr/lib/x86_64-linux-gnu/libstdc++.so.6.0.25)
==581==    by 0x4F62232: std::__cxx11::basic_string<char, std::char_traits<char>, std::allocator<char> >::_M_append(char const*, unsigned long) (in /usr/lib/x86_64-linux-gnu/libstdc++.so.6.0.25)
==581==    by 0x1132CF: std::__cxx11::basic_string<char, std::char_traits<char>, std::allocator<char> > std::operator+<char, std::char_traits<char>, std::allocator<char> >(std::__cxx11::basic_string<char, std::char_traits<char>, std::allocator<char> > const&, char const*) (basic_string.h:5929)
==581==    by 0x1128CC: printNodes(std::__cxx11::basic_string<char, std::char_traits<char>, std::allocator<char> >, Node*) (node.cpp:84)
==581==    by 0x1128DB: printNodes(std::__cxx11::basic_string<char, std::char_traits<char>, std::allocator<char> >, Node*) (node.cpp:84)
==581==    by 0x112980: printNodes(std::__cxx11::basic_string<char, std::char_traits<char>, std::allocator<char> >, Node*) (node.cpp:86)
==581==    by 0x1128DB: printNodes(std::__cxx11::basic_string<char, std::char_traits<char>, std::allocator<char> >, Node*) (node.cpp:84)
==581==    by 0x114F2C: buildTreeFromPreOrderNodes(RBTree*, Node*, unsigned char) (RBTree.cpp:347)
==581==    by 0x11A40B: makeTreeFromPreOrder_BSTreeTest(bool) (binaryTreeTests.cpp:274)
==581==    by 0x1176CF: BSTreeTest_All(bool) (binaryTreeTests.cpp:28)
==581==    by 0x11DE1B: runAllTests(bool) (tests.cpp:47)
==581== 
==581== 41 bytes in 1 blocks are still reachable in loss record 2 of 8
==581==    at 0x4C3017F: operator new(unsigned long) (in /usr/lib/valgrind/vgpreload_memcheck-amd64-linux.so)
==581==    by 0x4F60C8A: std::__cxx11::basic_string<char, std::char_traits<char>, std::allocator<char> >::_M_mutate(unsigned long, unsigned long, char const*, unsigned long) (in /usr/lib/x86_64-linux-gnu/libstdc++.so.6.0.25)
==581==    by 0x4F62232: std::__cxx11::basic_string<char, std::char_traits<char>, std::allocator<char> >::_M_append(char const*, unsigned long) (in /usr/lib/x86_64-linux-gnu/libstdc++.so.6.0.25)
==581==    by 0x1132CF: std::__cxx11::basic_string<char, std::char_traits<char>, std::allocator<char> > std::operator+<char, std::char_traits<char>, std::allocator<char> >(std::__cxx11::basic_string<char, std::char_traits<char>, std::allocator<char> > const&, char const*) (basic_string.h:5929)
==581==    by 0x1128CC: printNodes(std::__cxx11::basic_string<char, std::char_traits<char>, std::allocator<char> >, Node*) (node.cpp:84)
==581==    by 0x1128DB: printNodes(std::__cxx11::basic_string<char, std::char_traits<char>, std::allocator<char> >, Node*) (node.cpp:84)
==581==    by 0x1128DB: printNodes(std::__cxx11::basic_string<char, std::char_traits<char>, std::allocator<char> >, Node*) (node.cpp:84)
==581==    by 0x112980: printNodes(std::__cxx11::basic_string<char, std::char_traits<char>, std::allocator<char> >, Node*) (node.cpp:86)
==581==    by 0x1128DB: printNodes(std::__cxx11::basic_string<char, std::char_traits<char>, std::allocator<char> >, Node*) (node.cpp:84)
==581==    by 0x114F2C: buildTreeFromPreOrderNodes(RBTree*, Node*, unsigned char) (RBTree.cpp:347)
==581==    by 0x11A40B: makeTreeFromPreOrder_BSTreeTest(bool) (binaryTreeTests.cpp:274)
==581==    by 0x1176CF: BSTreeTest_All(bool) (binaryTreeTests.cpp:28)
==581== 
==581== 51 bytes in 1 blocks are still reachable in loss record 3 of 8
==581==    at 0x4C3017F: operator new(unsigned long) (in /usr/lib/valgrind/vgpreload_memcheck-amd64-linux.so)
==581==    by 0x4F60C8A: std::__cxx11::basic_string<char, std::char_traits<char>, std::allocator<char> >::_M_mutate(unsigned long, unsigned long, char const*, unsigned long) (in /usr/lib/x86_64-linux-gnu/libstdc++.so.6.0.25)
==581==    by 0x4F62232: std::__cxx11::basic_string<char, std::char_traits<char>, std::allocator<char> >::_M_append(char const*, unsigned long) (in /usr/lib/x86_64-linux-gnu/libstdc++.so.6.0.25)
==581==    by 0x1132CF: std::__cxx11::basic_string<char, std::char_traits<char>, std::allocator<char> > std::operator+<char, std::char_traits<char>, std::allocator<char> >(std::__cxx11::basic_string<char, std::char_traits<char>, std::allocator<char> > const&, char const*) (basic_string.h:5929)
==581==    by 0x1128CC: printNodes(std::__cxx11::basic_string<char, std::char_traits<char>, std::allocator<char> >, Node*) (node.cpp:84)
==581==    by 0x1128DB: printNodes(std::__cxx11::basic_string<char, std::char_traits<char>, std::allocator<char> >, Node*) (node.cpp:84)
==581==    by 0x1128DB: printNodes(std::__cxx11::basic_string<char, std::char_traits<char>, std::allocator<char> >, Node*) (node.cpp:84)
==581==    by 0x1128DB: printNodes(std::__cxx11::basic_string<char, std::char_traits<char>, std::allocator<char> >, Node*) (node.cpp:84)
==581==    by 0x112980: printNodes(std::__cxx11::basic_string<char, std::char_traits<char>, std::allocator<char> >, Node*) (node.cpp:86)
==581==    by 0x1128DB: printNodes(std::__cxx11::basic_string<char, std::char_traits<char>, std::allocator<char> >, Node*) (node.cpp:84)
==581==    by 0x114F2C: buildTreeFromPreOrderNodes(RBTree*, Node*, unsigned char) (RBTree.cpp:347)
==581==    by 0x11A40B: makeTreeFromPreOrder_BSTreeTest(bool) (binaryTreeTests.cpp:274)
==581== 
==581== 56 bytes in 1 blocks are still reachable in loss record 4 of 8
==581==    at 0x4C3017F: operator new(unsigned long) (in /usr/lib/valgrind/vgpreload_memcheck-amd64-linux.so)
==581==    by 0x11578D: __static_initialization_and_destruction_0(int, int) (RBTree.cpp:316)
==581==    by 0x1157D8: _GLOBAL__sub_I__ZN6RBTreeD2Ev (RBTree.cpp:457)
==581==    by 0x11FA5C: __libc_csu_init (in /mnt/c/Users/watis/Documents/ISU/currClasses/cs352/proj/treeThreads/project2Ex)
==581==    by 0x53FEB27: (below main) (libc-start.c:266)
==581== 
==581== 56 bytes in 1 blocks are still reachable in loss record 5 of 8
==581==    at 0x4C3017F: operator new(unsigned long) (in /usr/lib/valgrind/vgpreload_memcheck-amd64-linux.so)
==581==    by 0x11A3A8: makeTreeFromPreOrder_BSTreeTest(bool) (binaryTreeTests.cpp:269)
==581==    by 0x1176CF: BSTreeTest_All(bool) (binaryTreeTests.cpp:28)
==581==    by 0x11DE1B: runAllTests(bool) (tests.cpp:47)
==581==    by 0x1171E2: flagHandling(int, char**) (project2.cpp:41)
==581==    by 0x117042: main (project2.cpp:17)
==581== 
==581== 61 bytes in 1 blocks are still reachable in loss record 6 of 8
==581==    at 0x4C3017F: operator new(unsigned long) (in /usr/lib/valgrind/vgpreload_memcheck-amd64-linux.so)
==581==    by 0x4F60C8A: std::__cxx11::basic_string<char, std::char_traits<char>, std::allocator<char> >::_M_mutate(unsigned long, unsigned long, char const*, unsigned long) (in /usr/lib/x86_64-linux-gnu/libstdc++.so.6.0.25)
==581==    by 0x4F62232: std::__cxx11::basic_string<char, std::char_traits<char>, std::allocator<char> >::_M_append(char const*, unsigned long) (in /usr/lib/x86_64-linux-gnu/libstdc++.so.6.0.25)
==581==    by 0x1132CF: std::__cxx11::basic_string<char, std::char_traits<char>, std::allocator<char> > std::operator+<char, std::char_traits<char>, std::allocator<char> >(std::__cxx11::basic_string<char, std::char_traits<char>, std::allocator<char> > const&, char const*) (basic_string.h:5929)
==581==    by 0x1128CC: printNodes(std::__cxx11::basic_string<char, std::char_traits<char>, std::allocator<char> >, Node*) (node.cpp:84)
==581==    by 0x1128DB: printNodes(std::__cxx11::basic_string<char, std::char_traits<char>, std::allocator<char> >, Node*) (node.cpp:84)
==581==    by 0x1128DB: printNodes(std::__cxx11::basic_string<char, std::char_traits<char>, std::allocator<char> >, Node*) (node.cpp:84)
==581==    by 0x1128DB: printNodes(std::__cxx11::basic_string<char, std::char_traits<char>, std::allocator<char> >, Node*) (node.cpp:84)
==581==    by 0x1128DB: printNodes(std::__cxx11::basic_string<char, std::char_traits<char>, std::allocator<char> >, Node*) (node.cpp:84)
==581==    by 0x112980: printNodes(std::__cxx11::basic_string<char, std::char_traits<char>, std::allocator<char> >, Node*) (node.cpp:86)
==581==    by 0x1128DB: printNodes(std::__cxx11::basic_string<char, std::char_traits<char>, std::allocator<char> >, Node*) (node.cpp:84)
==581==    by 0x114F2C: buildTreeFromPreOrderNodes(RBTree*, Node*, unsigned char) (RBTree.cpp:347)
==581== 
==581== 71 bytes in 1 blocks are still reachable in loss record 7 of 8
==581==    at 0x4C3017F: operator new(unsigned long) (in /usr/lib/valgrind/vgpreload_memcheck-amd64-linux.so)
==581==    by 0x4F60C8A: std::__cxx11::basic_string<char, std::char_traits<char>, std::allocator<char> >::_M_mutate(unsigned long, unsigned long, char const*, unsigned long) (in /usr/lib/x86_64-linux-gnu/libstdc++.so.6.0.25)
==581==    by 0x4F62232: std::__cxx11::basic_string<char, std::char_traits<char>, std::allocator<char> >::_M_append(char const*, unsigned long) (in /usr/lib/x86_64-linux-gnu/libstdc++.so.6.0.25)
==581==    by 0x1132CF: std::__cxx11::basic_string<char, std::char_traits<char>, std::allocator<char> > std::operator+<char, std::char_traits<char>, std::allocator<char> >(std::__cxx11::basic_string<char, std::char_traits<char>, std::allocator<char> > const&, char const*) (basic_string.h:5929)
==581==    by 0x1128CC: printNodes(std::__cxx11::basic_string<char, std::char_traits<char>, std::allocator<char> >, Node*) (node.cpp:84)
==581==    by 0x1128DB: printNodes(std::__cxx11::basic_string<char, std::char_traits<char>, std::allocator<char> >, Node*) (node.cpp:84)
==581==    by 0x1128DB: printNodes(std::__cxx11::basic_string<char, std::char_traits<char>, std::allocator<char> >, Node*) (node.cpp:84)
==581==    by 0x1128DB: printNodes(std::__cxx11::basic_string<char, std::char_traits<char>, std::allocator<char> >, Node*) (node.cpp:84)
==581==    by 0x1128DB: printNodes(std::__cxx11::basic_string<char, std::char_traits<char>, std::allocator<char> >, Node*) (node.cpp:84)
==581==    by 0x1128DB: printNodes(std::__cxx11::basic_string<char, std::char_traits<char>, std::allocator<char> >, Node*) (node.cpp:84)
==581==    by 0x112980: printNodes(std::__cxx11::basic_string<char, std::char_traits<char>, std::allocator<char> >, Node*) (node.cpp:86)
==581==    by 0x1128DB: printNodes(std::__cxx11::basic_string<char, std::char_traits<char>, std::allocator<char> >, Node*) (node.cpp:84)
==581== 
==581== 816 bytes in 1 blocks are still reachable in loss record 8 of 8
==581==    at 0x4C2FB0F: malloc (in /usr/lib/valgrind/vgpreload_memcheck-amd64-linux.so)
==581==    by 0x11A3C4: makeTreeFromPreOrder_BSTreeTest(bool) (binaryTreeTests.cpp:271)
==581==    by 0x1176CF: BSTreeTest_All(bool) (binaryTreeTests.cpp:28)
==581==    by 0x11DE1B: runAllTests(bool) (tests.cpp:47)
==581==    by 0x1171E2: flagHandling(int, char**) (project2.cpp:41)
==581==    by 0x117042: main (project2.cpp:17)
==581== 
==581== LEAK SUMMARY:
==581==    definitely lost: 0 bytes in 0 blocks
==581==    indirectly lost: 0 bytes in 0 blocks
==581==      possibly lost: 0 bytes in 0 blocks
==581==    still reachable: 1,183 bytes in 8 blocks
==581==         suppressed: 0 bytes in 0 blocks
==581== 
==581== ERROR SUMMARY: 4 errors from 2 contexts (suppressed: 0 from 0)
==581== 
==581== 1 errors in context 1 of 2:
==581== Invalid read of size 8
==581==    at 0x1128AF: printNodes(std::__cxx11::basic_string<char, std::char_traits<char>, std::allocator<char> >, Node*) (node.cpp:84)
==581==    by 0x1128DB: printNodes(std::__cxx11::basic_string<char, std::char_traits<char>, std::allocator<char> >, Node*) (node.cpp:84)
==581==    by 0x1128DB: printNodes(std::__cxx11::basic_string<char, std::char_traits<char>, std::allocator<char> >, Node*) (node.cpp:84)
==581==    by 0x112980: printNodes(std::__cxx11::basic_string<char, std::char_traits<char>, std::allocator<char> >, Node*) (node.cpp:86)
==581==    by 0x1128DB: printNodes(std::__cxx11::basic_string<char, std::char_traits<char>, std::allocator<char> >, Node*) (node.cpp:84)
==581==    by 0x114F2C: buildTreeFromPreOrderNodes(RBTree*, Node*, unsigned char) (RBTree.cpp:347)
==581==    by 0x11A40B: makeTreeFromPreOrder_BSTreeTest(bool) (binaryTreeTests.cpp:274)
==581==    by 0x1176CF: BSTreeTest_All(bool) (binaryTreeTests.cpp:28)
==581==    by 0x11DE1B: runAllTests(bool) (tests.cpp:47)
==581==    by 0x1171E2: flagHandling(int, char**) (project2.cpp:41)
==581==    by 0x117042: main (project2.cpp:17)
==581==  Address 0x1ffefffe80 is on thread 1's stack
==581==  400 bytes below stack pointer
==581== 
==581== 
==581== 3 errors in context 2 of 2:
==581== Invalid read of size 1
==581==    at 0x112694: isNilNode(Node*) (node.cpp:48)
==581==    by 0x11289F: printNodes(std::__cxx11::basic_string<char, std::char_traits<char>, std::allocator<char> >, Node*) (node.cpp:83)
==581==    by 0x1128DB: printNodes(std::__cxx11::basic_string<char, std::char_traits<char>, std::allocator<char> >, Node*) (node.cpp:84)
==581==    by 0x1128DB: printNodes(std::__cxx11::basic_string<char, std::char_traits<char>, std::allocator<char> >, Node*) (node.cpp:84)
==581==    by 0x1128DB: printNodes(std::__cxx11::basic_string<char, std::char_traits<char>, std::allocator<char> >, Node*) (node.cpp:84)
==581==    by 0x1128DB: printNodes(std::__cxx11::basic_string<char, std::char_traits<char>, std::allocator<char> >, Node*) (node.cpp:84)
==581==    by 0x114F2C: buildTreeFromPreOrderNodes(RBTree*, Node*, unsigned char) (RBTree.cpp:347)
==581==    by 0x11A40B: makeTreeFromPreOrder_BSTreeTest(bool) (binaryTreeTests.cpp:274)
==581==    by 0x1176CF: BSTreeTest_All(bool) (binaryTreeTests.cpp:28)
==581==    by 0x11DE1B: runAllTests(bool) (tests.cpp:47)
==581==    by 0x1171E2: flagHandling(int, char**) (project2.cpp:41)
==581==    by 0x117042: main (project2.cpp:17)
==581==  Address 0x1ffefffe90 is on thread 1's stack
==581==  368 bytes below stack pointer
==581== 
==581== ERROR SUMMARY: 4 errors from 2 contexts (suppressed: 0 from 0)
